33:56:48.158 Optimizing database
09:56:48.158 Optimization finished in 0ms.
09:56:48.211 Table counts: notes: 255, revisions: 4, attachments: 16, branches: 270, attributes: 352, etapi_tokens: 0, blobs: 127
09:56:48.220 All consistency checks passed with no errors detected (took 9ms)
10:56:48.211 Table counts: notes: 255, revisions: 4, attachments: 16, branches: 270, attributes: 352, etapi_tokens: 0, blobs: 127
10:56:48.218 All consistency checks passed with no errors detected (took 8ms)
11:56:48.211 Table counts: notes: 255, revisions: 4, attachments: 16, branches: 270, attributes: 352, etapi_tokens: 0, blobs: 127
11:56:48.218 All consistency checks passed with no errors detected (took 7ms)
12:56:48.204 Created backup at ./data/backup/backup-daily.db
12:56:48.212 Table counts: notes: 255, revisions: 4, attachments: 16, branches: 270, attributes: 352, etapi_tokens: 0, blobs: 127
12:56:48.221 All consistency checks passed with no errors detected (took 9ms)
13:56:48.212 Table counts: notes: 255, revisions: 4, attachments: 16, branches: 270, attributes: 352, etapi_tokens: 0, blobs: 127
13:56:48.221 All consistency checks passed with no errors detected (took 9ms)
14:56:48.212 Table counts: notes: 255, revisions: 4, attachments: 16, branches: 270, attributes: 352, etapi_tokens: 0, blobs: 127
14:56:48.219 All consistency checks passed with no errors detected (took 7ms)
15:56:48.212 Table counts: notes: 255, revisions: 4, attachments: 16, branches: 270, attributes: 352, etapi_tokens: 0, blobs: 127
15:56:48.218 All consistency checks passed with no errors detected (took 6ms)
16:56:48.213 Table counts: notes: 255, revisions: 4, attachments: 16, branches: 270, attributes: 352, etapi_tokens: 0, blobs: 127
16:56:48.222 All consistency checks passed with no errors detected (took 9ms)
19:09:40.102 Table counts: notes: 255, revisions: 4, attachments: 16, branches: 270, attributes: 352, etapi_tokens: 0, blobs: 127
19:09:40.109 All consistency checks passed with no errors detected (took 7ms)
20:09:40.045 Optimizing database
20:09:40.046 Optimization finished in 0ms.
20:09:40.102 Table counts: notes: 255, revisions: 4, attachments: 16, branches: 270, attributes: 352, etapi_tokens: 0, blobs: 127
20:09:40.110 All consistency checks passed with no errors detected (took 8ms)
21:09:40.103 Table counts: notes: 255, revisions: 4, attachments: 16, branches: 270, attributes: 352, etapi_tokens: 0, blobs: 127
21:09:40.109 All consistency checks passed with no errors detected (took 6ms)
22:09:40.103 Table counts: notes: 255, revisions: 4, attachments: 16, branches: 270, attributes: 352, etapi_tokens: 0, blobs: 127
22:09:40.111 All consistency checks passed with no errors detected (took 8ms)
