22:58:39.508 DB size: 2060 KB
22:58:41.881 {
  "appVersion": "0.63.5",
  "dbVersion": 228,
  "nodeVersion": "v18.19.1",
  "syncVersion": 32,
  "buildDate": "2024-03-28T07:11:39+01:00",
  "buildRevision": "399458b52f250b22be22d980a78de0b3390d7521",
  "dataDirectory": "./data",
  "clipperProtocolVersion": "1.0",
  "utcDateTime": "2024-04-11T19:58:39.082Z"
}
22:58:41.883 CPU model: AMD Ryzen 9 3900X 12-Core Processor, logical cores: 24 freq: 2199 Mhz
22:58:41.883 Trusted reverse proxy: false
22:58:41.884 App HTTP server starting up at port 8080
22:58:41.888 Listening on port 8080
22:58:41.916 Becca (note cache) load took 26ms
22:58:42.247 Sending message to all clients: {"type":"reload-frontend","reason":"source code change"}
22:58:45.967 Table counts: notes: 261, revisions: 4, attachments: 16, branches: 276, attributes: 366, etapi_tokens: 0, blobs: 127
22:58:45.985 All consistency checks passed with no errors detected (took 28ms)
22:58:56.042 Generated CSRF token oofSfdki-YxZKxSO_ZrZWTIQYyEPNRtBVj7E with secret undefined
22:58:58.825 200 GET /api/options with 6237 bytes took 2ms
22:58:58.831 200 GET /api/tree with 33827 bytes took 3ms
22:58:58.840 200 GET /api/keyboard-actions with 13999 bytes took 3ms
22:58:58.842 200 GET /api/script/widgets with 2 bytes took 1ms
22:58:58.976 200 GET /api/keyboard-shortcuts-for-notes with 2 bytes took 2ms
22:58:58.980 200 POST /api/tree/load with 5506 bytes took 1ms
22:58:58.981 200 POST /api/tree/load with 42 bytes took 0ms
22:58:59.121 200 POST /api/tree/load with 18448 bytes took 2ms
22:58:59.839 200 GET /api/notes/root/blob with 155 bytes took 1ms
22:58:59.841 200 GET /api/note-map/root/backlink-count with 11 bytes took 1ms
22:59:00.153 200 GET /api/notes/Czyr19eDCdCe/blob with 2482 bytes took 1ms
22:59:00.948 200 GET /api/script/startup with 2 bytes took 1ms
22:59:03.491 204 PUT /api/options with 0 bytes took 3ms
22:59:03.492 304 GET /api/notes/Czyr19eDCdCe/blob with 2482 bytes took 1ms
22:59:03.493 200 GET /api/note-map/Czyr19eDCdCe/backlink-count with 11 bytes took 0ms
22:59:03.767 200 GET /api/notes/30GS4UW3pe87/blob with 1077 bytes took 1ms
22:59:03.800 200 GET /api/notes/p2vsptRAoJh4/blob with 1176 bytes took 1ms
22:59:03.815 200 GET /api/notes/phVs12tWPgu6/blob with 1011 bytes took 1ms
22:59:03.832 200 GET /api/notes/vFNmXxHtBpqV/blob with 1011 bytes took 1ms
22:59:03.855 200 POST /api/tree/load with 5550 bytes took 1ms
22:59:03.873 200 GET /api/notes/Z7KtQv0Oab4X/blob with 155 bytes took 1ms
22:59:03.887 200 POST /api/tree/load with 4898 bytes took 1ms
22:59:03.907 200 GET /api/notes/WmaO9FpuQCST/blob with 155 bytes took 1ms
22:59:03.921 200 POST /api/tree/load with 4280 bytes took 1ms
22:59:03.938 200 GET /api/notes/1h15XHJnIo5p/blob with 155 bytes took 0ms
22:59:03.953 200 POST /api/tree/load with 4286 bytes took 1ms
22:59:03.973 200 GET /api/notes/lZtGernq3GSx/blob with 3092 bytes took 0ms
22:59:03.988 200 GET /api/notes/GkgaEgKmDzf4/blob with 155 bytes took 0ms
22:59:04.006 200 POST /api/tree/load with 8296 bytes took 1ms
22:59:09.601 200 POST /api/tree/load with 4258 bytes took 1ms
22:59:09.702 204 PUT /api/options with 0 bytes took 2ms
22:59:09.703 200 GET /api/note-map/_options/backlink-count with 11 bytes took 1ms
22:59:09.704 200 GET /api/tree?subTreeNoteId=_hidden with 33827 bytes took 1ms
22:59:09.706 200 POST /api/tree/load with 7687 bytes took 1ms
22:59:10.825 200 GET /api/note-map/_optionsAppearance/backlink-count with 11 bytes took 0ms
22:59:10.827 200 GET /api/options with 6596 bytes took 1ms
22:59:10.830 304 GET /api/tree?subTreeNoteId=_hidden with 33827 bytes took 3ms
22:59:10.832 204 PUT /api/options with 0 bytes took 2ms
22:59:10.878 200 GET /api/options/user-themes with 67 bytes took 5ms
22:59:10.881 200 GET /api/options with 6615 bytes took 2ms
22:59:10.907 200 GET /api/options with 6615 bytes took 1ms
22:59:10.927 304 GET /api/options with 6615 bytes took 1ms
22:59:10.952 304 GET /api/options with 6615 bytes took 2ms
22:59:13.577 304 GET /api/notes/Czyr19eDCdCe/blob with 2482 bytes took 1ms
22:59:13.664 204 PUT /api/options with 0 bytes took 1ms
22:59:15.921 200 GET /api/search/%23workspace%20%23!template with 2 bytes took 1ms
22:59:15.999 204 PUT /api/options with 0 bytes took 1ms
22:59:16.002 304 GET /api/search/%23workspace%20%23!template with 2 bytes took 3ms
22:59:19.970 304 GET /api/search/%23workspace%20%23!template with 2 bytes took 2ms
22:59:20.025 204 PUT /api/options with 0 bytes took 2ms
22:59:20.026 304 GET /api/search/%23workspace%20%23!template with 2 bytes took 1ms
22:59:21.455 204 PUT /api/options with 0 bytes took 2ms
22:59:21.983 304 GET /api/notes/Czyr19eDCdCe/blob with 2482 bytes took 1ms
22:59:22.457 204 PUT /api/options with 0 bytes took 1ms
22:59:23.431 304 GET /api/search/%23workspace%20%23!template with 2 bytes took 1ms
22:59:23.498 304 GET /api/search/%23workspace%20%23!template with 2 bytes took 1ms
22:59:23.501 204 PUT /api/options with 0 bytes took 1ms
22:59:25.076 304 GET /api/search/%23workspace%20%23!template with 2 bytes took 1ms
22:59:25.127 204 PUT /api/options with 0 bytes took 2ms
22:59:25.128 304 GET /api/search/%23workspace%20%23!template with 2 bytes took 1ms
22:59:26.183 304 GET /api/search/%23workspace%20%23!template with 2 bytes took 2ms
22:59:26.234 204 PUT /api/options with 0 bytes took 1ms
22:59:26.237 304 GET /api/search/%23workspace%20%23!template with 2 bytes took 2ms
22:59:27.781 204 PUT /api/options with 0 bytes took 1ms
22:59:29.634 204 PUT /api/options with 0 bytes took 1ms
22:59:31.576 304 GET /api/notes/Czyr19eDCdCe/blob with 2482 bytes took 1ms
22:59:31.660 204 PUT /api/options with 0 bytes took 1ms
23:01:28.282 DB size: 2060 KB
23:01:30.570 {
  "appVersion": "0.63.5",
  "dbVersion": 228,
  "nodeVersion": "v18.19.1",
  "syncVersion": 32,
  "buildDate": "2024-03-28T07:11:39+01:00",
  "buildRevision": "399458b52f250b22be22d980a78de0b3390d7521",
  "dataDirectory": "./data",
  "clipperProtocolVersion": "1.0",
  "utcDateTime": "2024-04-11T20:01:27.856Z"
}
23:01:30.572 CPU model: AMD Ryzen 9 3900X 12-Core Processor, logical cores: 24 freq: 2199 Mhz
23:01:30.573 Trusted reverse proxy: false
23:01:30.573 App HTTP server starting up at port 8080
23:01:30.578 Listening on port 8080
23:01:30.593 Becca (note cache) load took 14ms
23:02:45.351 DB size: 2060 KB
23:02:47.743 {
  "appVersion": "0.63.5",
  "dbVersion": 228,
  "nodeVersion": "v18.19.1",
  "syncVersion": 32,
  "buildDate": "2024-03-28T07:11:39+01:00",
  "buildRevision": "399458b52f250b22be22d980a78de0b3390d7521",
  "dataDirectory": "./data",
  "clipperProtocolVersion": "1.0",
  "utcDateTime": "2024-04-11T20:02:44.914Z"
}
23:02:47.745 CPU model: AMD Ryzen 9 3900X 12-Core Processor, logical cores: 24 freq: 2199 Mhz
23:02:47.745 Trusted reverse proxy: false
23:02:47.746 App HTTP server starting up at port 8080
23:02:47.751 Listening on port 8080
23:02:47.765 Becca (note cache) load took 13ms
23:02:53.329 DB size: 2060 KB
23:02:55.696 {
  "appVersion": "0.63.5",
  "dbVersion": 228,
  "nodeVersion": "v18.19.1",
  "syncVersion": 32,
  "buildDate": "2024-03-28T07:11:39+01:00",
  "buildRevision": "399458b52f250b22be22d980a78de0b3390d7521",
  "dataDirectory": "./data",
  "clipperProtocolVersion": "1.0",
  "utcDateTime": "2024-04-11T20:02:52.902Z"
}
23:02:55.698 CPU model: AMD Ryzen 9 3900X 12-Core Processor, logical cores: 24 freq: 2199 Mhz
23:02:55.699 Trusted reverse proxy: false
23:02:55.699 App HTTP server starting up at port 8080
23:02:55.704 Listening on port 8080
23:02:55.719 Becca (note cache) load took 14ms
23:02:59.924 DB size: 2060 KB
23:03:02.292 {
  "appVersion": "0.63.5",
  "dbVersion": 228,
  "nodeVersion": "v18.19.1",
  "syncVersion": 32,
  "buildDate": "2024-03-28T07:11:39+01:00",
  "buildRevision": "399458b52f250b22be22d980a78de0b3390d7521",
  "dataDirectory": "./data",
  "clipperProtocolVersion": "1.0",
  "utcDateTime": "2024-04-11T20:02:59.493Z"
}
23:03:02.294 CPU model: AMD Ryzen 9 3900X 12-Core Processor, logical cores: 24 freq: 2200 Mhz
23:03:02.294 Trusted reverse proxy: false
23:03:02.295 App HTTP server starting up at port 8080
23:03:02.300 Listening on port 8080
23:03:02.314 Becca (note cache) load took 13ms
23:03:02.653 Sending message to all clients: {"type":"reload-frontend","reason":"source code change"}
23:03:06.365 Table counts: notes: 261, revisions: 4, attachments: 16, branches: 276, attributes: 366, etapi_tokens: 0, blobs: 127
23:03:06.377 All consistency checks passed with no errors detected (took 12ms)
23:13:38.226 DB size: 2060 KB
23:13:40.559 {
  "appVersion": "0.63.5",
  "dbVersion": 228,
  "nodeVersion": "v18.19.1",
  "syncVersion": 32,
  "buildDate": "2024-03-28T07:11:39+01:00",
  "buildRevision": "399458b52f250b22be22d980a78de0b3390d7521",
  "dataDirectory": "./data",
  "clipperProtocolVersion": "1.0",
  "utcDateTime": "2024-04-11T20:13:37.793Z"
}
23:13:40.561 CPU model: AMD Ryzen 9 3900X 12-Core Processor, logical cores: 24 freq: 2199 Mhz
23:13:40.561 Trusted reverse proxy: false
23:13:40.562 App HTTP server starting up at port 8080
23:13:40.566 Listening on port 8080
23:13:40.581 Becca (note cache) load took 14ms
23:13:40.909 Sending message to all clients: {"type":"reload-frontend","reason":"source code change"}
23:13:44.626 Table counts: notes: 261, revisions: 4, attachments: 16, branches: 276, attributes: 366, etapi_tokens: 0, blobs: 127
23:13:44.637 All consistency checks passed with no errors detected (took 12ms)
23:14:03.085 Updating option 'rightPaneWidth' to '25'
23:14:03.091 204 PUT /api/options with 0 bytes took 7ms
23:14:03.123 200 GET /api/options with 6237 bytes took 4ms
23:14:03.129 200 GET /api/options with 6237 bytes took 3ms
23:14:03.135 200 GET /api/options with 6237 bytes took 2ms
23:14:03.137 200 GET /api/options with 6237 bytes took 1ms
23:14:03.139 200 GET /api/options with 6237 bytes took 1ms
23:14:03.170 200 GET /api/options/user-themes with 67 bytes took 8ms
23:14:03.908 Generated CSRF token pR9OsCBs-pbMtBdX2vAT2k6galiqlG6OX02U with secret undefined
23:14:06.710 200 GET /api/options with 6237 bytes took 1ms
23:14:06.713 304 GET /api/tree with 33827 bytes took 2ms
23:14:06.720 304 GET /api/keyboard-actions with 13999 bytes took 2ms
23:14:06.722 304 GET /api/script/widgets with 2 bytes took 0ms
23:14:06.874 200 POST /api/tree/load with 5506 bytes took 1ms
23:14:06.875 304 GET /api/keyboard-shortcuts-for-notes with 2 bytes took 1ms
23:14:06.876 200 POST /api/tree/load with 42 bytes took 0ms
23:14:06.893 200 POST /api/tree/load with 18448 bytes took 2ms
23:14:07.691 200 GET /api/notes/root/blob with 155 bytes took 2ms
23:14:07.693 304 GET /api/note-map/root/backlink-count with 11 bytes took 1ms
23:14:08.035 304 GET /api/search/%23workspace%20%23!template with 2 bytes took 2ms
23:14:08.146 204 PUT /api/options with 0 bytes took 2ms
23:14:08.147 304 GET /api/notes/Czyr19eDCdCe/blob with 2482 bytes took 1ms
23:14:08.148 200 GET /api/note-map/Czyr19eDCdCe/backlink-count with 11 bytes took 0ms
23:14:08.511 200 GET /api/notes/30GS4UW3pe87/blob with 1077 bytes took 1ms
23:14:08.529 304 GET /api/notes/p2vsptRAoJh4/blob with 1176 bytes took 0ms
23:14:08.547 304 GET /api/notes/phVs12tWPgu6/blob with 1011 bytes took 1ms
23:14:08.564 304 GET /api/notes/vFNmXxHtBpqV/blob with 1011 bytes took 1ms
23:14:08.588 200 POST /api/tree/load with 5550 bytes took 1ms
23:14:08.605 304 GET /api/notes/Z7KtQv0Oab4X/blob with 155 bytes took 1ms
23:14:08.620 200 POST /api/tree/load with 4898 bytes took 1ms
23:14:08.638 304 GET /api/notes/WmaO9FpuQCST/blob with 155 bytes took 1ms
23:14:08.654 200 POST /api/tree/load with 4280 bytes took 1ms
23:14:08.671 304 GET /api/notes/1h15XHJnIo5p/blob with 155 bytes took 1ms
23:14:08.692 200 POST /api/tree/load with 4286 bytes took 1ms
23:14:08.712 304 GET /api/notes/lZtGernq3GSx/blob with 3092 bytes took 0ms
23:14:08.741 304 GET /api/notes/GkgaEgKmDzf4/blob with 155 bytes took 1ms
23:14:08.756 200 POST /api/tree/load with 8296 bytes took 1ms
23:14:08.843 304 GET /api/script/startup with 2 bytes took 1ms
23:18:40.620 Created backup at ./data/backup/backup-daily.db
23:18:40.623 Erased branches: ["3HFuP6AMpJix_17fRhOFONom9","Czyr19eDCdCe_3HFuP6AMpJix","eQALFGlxnNS0_RWPcwz8UGjBa","eQALFGlxnNS0_bhRkmVmkmQug","Czyr19eDCdCe_eQALFGlxnNS0","3HFuP6AMpJix_tumZjDF4MEGY"]
23:18:40.625 Erased attributes: ["TUf5Xx0yxFBY","bst6X28eEVzO","hHsi4PhOB7lz","5QygaaBnMMCf","mC2YbKlJ0k2h","tw31ffadh98b","ZMMePLPPvDHO","2x6aaaSBA4Pi","2vziQ7dEtSPp","HOC8bTwXsLrT","MQoySToDdqxU","NAXHiwjKRVcV","Qj112nEXw7LM","yMevSrAV7QCc"]
23:18:40.625 Erased notes: ["eQALFGlxnNS0","RWPcwz8UGjBa","bhRkmVmkmQug","3HFuP6AMpJix","tumZjDF4MEGY","17fRhOFONom9"]
23:18:40.664 Created backup at ./data/backup/backup-weekly.db
23:18:40.700 Created backup at ./data/backup/backup-monthly.db
23:28:40.890 204 PUT /api/branches/p2vsptRAoJh4_e2Hten4D7N2L/expanded/0 with 0 bytes took 2ms
23:28:40.892 204 PUT /api/branches/e2Hten4D7N2L_1ctKFe3DcRft/expanded/0 with 0 bytes took 1ms
23:28:40.893 204 PUT /api/branches/1ctKFe3DcRft_7NaB1YLJ44bW/expanded/0 with 0 bytes took 1ms
23:28:41.884 204 PUT /api/branches/Czyr19eDCdCe_p2vsptRAoJh4/expanded/0 with 0 bytes took 1ms
23:45:34.420 200 GET /api/note-map/p2vsptRAoJh4/backlink-count with 11 bytes took 1ms
23:45:34.422 200 GET /api/notes/p2vsptRAoJh4/blob with 1176 bytes took 1ms
23:45:34.423 204 PUT /api/options with 0 bytes took 1ms
23:45:34.656 200 GET /api/notes/e2Hten4D7N2L/blob with 155 bytes took 1ms
23:45:34.684 200 GET /api/notes/BzLt0d3LCSK6/blob with 155 bytes took 1ms
23:45:34.701 200 POST /api/tree/load with 5906 bytes took 1ms
23:45:34.718 200 GET /api/notes/yobjtEziWZ8U/blob with 1415 bytes took 1ms
